{
  "RSpec": {
    "coverage": {
      "/home/renato/Área de Trabalho/sample_app/app/models/user.rb": [
        1,
        1,
        1,
        null,
        null,
        null,
        1,
        null,
        null,
        null,
        1,
        null,
        null
      ],
      "/home/renato/Área de Trabalho/sample_app/app/models/application_record.rb": [
        1,
        1,
        null
      ],
      "/home/renato/Área de Trabalho/sample_app/app/helpers/application_helper.rb": [
        1,
        1,
        0,
        null,
        1,
        0,
        0,
        null,
        null
      ],
      "/home/renato/Área de Trabalho/sample_app/app/helpers/dashboard/tasks_helper.rb": [
        1,
        1,
        0,
        0,
        0,
        0,
        null,
        0,
        null,
        null,
        null,
        1,
        0,
        null,
        null
      ],
      "/home/renato/Área de Trabalho/sample_app/app/controllers/dashboard/home_controller.rb": [
        1,
        1,
        1,
        null,
        null
      ],
      "/home/renato/Área de Trabalho/sample_app/app/controllers/application_controller.rb": [
        1,
        null,
        1,
        1,
        1,
        null,
        1,
        null,
        1,
        null
      ],
      "/home/renato/Área de Trabalho/sample_app/lib/application_responder.rb": [
        1,
        1,
        1,
        null,
        null,
        null,
        null,
        null
      ],
      "/home/renato/Área de Trabalho/sample_app/app/controllers/dashboard/tasks_controller.rb": [
        1,
        null,
        1,
        null,
        1,
        1,
        null,
        1,
        0,
        0,
        null,
        null,
        0,
        null,
        0,
        null,
        null,
        null,
        1,
        0,
        null,
        null,
        1,
        0,
        0,
        null,
        null,
        1,
        null,
        null,
        1,
        0,
        0,
        0,
        0,
        null,
        null,
        1,
        0,
        0,
        0,
        null,
        null,
        1,
        0,
        0,
        0,
        null,
        null,
        1,
        null,
        null,
        null,
        1,
        1,
        0,
        null,
        null,
        1,
        0,
        null,
        null,
        1,
        0,
        null,
        null
      ],
      "/home/renato/Área de Trabalho/sample_app/app/controllers/home_controller.rb": [
        1,
        1,
        null,
        null
      ],
      "/home/renato/Área de Trabalho/sample_app/app/models/task.rb": [
        1,
        null,
        null,
        1,
        1,
        null,
        null,
        null,
        1,
        null,
        null,
        null,
        1,
        1,
        1,
        1,
        null,
        1,
        null,
        null,
        null,
        null,
        null,
        1,
        null,
        null,
        null,
        null,
        null,
        1,
        null,
        null,
        null,
        null,
        1,
        null,
        null,
        null,
        null,
        null,
        1,
        null,
        null,
        null,
        null,
        null
      ],
      "/home/renato/Área de Trabalho/sample_app/app/policies/user_policy.rb": [
        1,
        1,
        0,
        0,
        null,
        null,
        1,
        0,
        null,
        null
      ],
      "/home/renato/Área de Trabalho/sample_app/app/policies/application_policy.rb": [
        1,
        1,
        null,
        1,
        0,
        0,
        null,
        null,
        1,
        0,
        null,
        null,
        1,
        0,
        null,
        null,
        1,
        0,
        null,
        null,
        1,
        0,
        null,
        null,
        1,
        0,
        null,
        null,
        1,
        0,
        null,
        null,
        1,
        0,
        null,
        null,
        1,
        0,
        null,
        null,
        1,
        1,
        null,
        1,
        0,
        0,
        null,
        null,
        1,
        0,
        null,
        null,
        null
      ],
      "/home/renato/Área de Trabalho/sample_app/app/mailers/application_mailer.rb": [
        0,
        0,
        0,
        0
      ],
      "/home/renato/Área de Trabalho/sample_app/app/jobs/application_job.rb": [
        0,
        0
      ],
      "/home/renato/Área de Trabalho/sample_app/app/channels/application_cable/connection.rb": [
        0,
        0,
        0,
        0
      ],
      "/home/renato/Área de Trabalho/sample_app/app/channels/application_cable/channel.rb": [
        0,
        0,
        0,
        0
      ],
      "/home/renato/Área de Trabalho/sample_app/app/controllers/dashboard/profile_controller.rb": [
        0,
        0,
        0,
        0,
        null,
        0,
        0,
        0,
        0,
        0,
        null,
        0,
        0,
        0,
        0,
        null,
        0,
        0,
        null,
        0,
        null,
        0,
        0,
        0,
        null,
        0,
        null,
        0,
        0,
        0,
        null,
        0,
        0,
        0,
        0,
        0
      ],
      "/home/renato/Área de Trabalho/sample_app/app/models/concerns/filtertable.rb": [
        0,
        null,
        0
      ],
      "/home/renato/Área de Trabalho/sample_app/app/policies/task_policy.rb": [
        0,
        0,
        0,
        0,
        0,
        null,
        0,
        0,
        0,
        null,
        0,
        0,
        0,
        null,
        0,
        0,
        0,
        0
      ]
    },
    "timestamp": 1518989964
  }
}
